-------------------------------------------------------------------------------
Test set: com.accoord.domain.UserRoleIntegrationTest
-------------------------------------------------------------------------------
Tests run: 9, Failures: 0, Errors: 8, Skipped: 0, Time elapsed: 7.25 sec <<< FAILURE!
testFlush(com.accoord.domain.UserRoleIntegrationTest)  Time elapsed: 0.921 sec  <<< ERROR!
org.springframework.dao.InvalidDataAccessApiUsageException: org.hibernate.hql.ast.QuerySyntaxException: UserRole is not mapped [select o from UserRole o]; nested exception is java.lang.IllegalArgumentException: org.hibernate.hql.ast.QuerySyntaxException: UserRole is not mapped [select o from UserRole o]
	at org.springframework.orm.jpa.EntityManagerFactoryUtils.convertJpaAccessExceptionIfPossible(EntityManagerFactoryUtils.java:286)
	at org.springframework.orm.jpa.aspectj.JpaExceptionTranslatorAspect.ajc$afterThrowing$org_springframework_orm_jpa_aspectj_JpaExceptionTranslatorAspect$1$18a1ac9(JpaExceptionTranslatorAspect.aj:15)
	at com.accoord.domain.UserRole_Roo_Entity.findUserRoleEntries_aroundBody8(UserRole_Roo_Entity.aj:100)
	at com.accoord.domain.UserRole_Roo_Entity.ajc$interMethod$com_accoord_domain_UserRole_Roo_Entity$com_accoord_domain_UserRole$findUserRoleEntries(UserRole_Roo_Entity.aj:1)
	at com.accoord.domain.UserRole.findUserRoleEntries(UserRole.java:1)
	at com.accoord.domain.UserRole_Roo_Entity.ajc$interMethodDispatch1$com_accoord_domain_UserRole_Roo_Entity$com_accoord_domain_UserRole$findUserRoleEntries(UserRole_Roo_Entity.aj)
	at com.accoord.domain.UserRoleDataOnDemand_Roo_DataOnDemand.ajc$interMethod$com_accoord_domain_UserRoleDataOnDemand_Roo_DataOnDemand$com_accoord_domain_UserRoleDataOnDemand$init(UserRoleDataOnDemand_Roo_DataOnDemand.aj:45)
	at com.accoord.domain.UserRoleDataOnDemand.init(UserRoleDataOnDemand.java:1)
	at com.accoord.domain.UserRoleDataOnDemand_Roo_DataOnDemand.ajc$interMethodDispatch1$com_accoord_domain_UserRoleDataOnDemand_Roo_DataOnDemand$com_accoord_domain_UserRoleDataOnDemand$init(UserRoleDataOnDemand_Roo_DataOnDemand.aj)
	at com.accoord.domain.UserRoleDataOnDemand_Roo_DataOnDemand.ajc$interMethod$com_accoord_domain_UserRoleDataOnDemand_Roo_DataOnDemand$com_accoord_domain_UserRoleDataOnDemand$getRandomUserRole(UserRoleDataOnDemand_Roo_DataOnDemand.aj:35)
	at com.accoord.domain.UserRoleDataOnDemand.getRandomUserRole(UserRoleDataOnDemand.java:1)
	at com.accoord.domain.UserRoleDataOnDemand_Roo_DataOnDemand.ajc$interMethodDispatch1$com_accoord_domain_UserRoleDataOnDemand_Roo_DataOnDemand$com_accoord_domain_UserRoleDataOnDemand$getRandomUserRole(UserRoleDataOnDemand_Roo_DataOnDemand.aj)
	at com.accoord.domain.UserRoleIntegrationTest_Roo_IntegrationTest.ajc$interMethod$com_accoord_domain_UserRoleIntegrationTest_Roo_IntegrationTest$com_accoord_domain_UserRoleIntegrationTest$testFlush(UserRoleIntegrationTest_Roo_IntegrationTest.aj:65)
	at com.accoord.domain.UserRoleIntegrationTest.testFlush(UserRoleIntegrationTest.java:1)
	at sun.reflect.NativeMethodAccessorImpl.invoke0(Native Method)
	at sun.reflect.NativeMethodAccessorImpl.invoke(NativeMethodAccessorImpl.java:39)
	at sun.reflect.DelegatingMethodAccessorImpl.invoke(DelegatingMethodAccessorImpl.java:25)
	at java.lang.reflect.Method.invoke(Method.java:597)
	at org.junit.runners.model.FrameworkMethod$1.runReflectiveCall(FrameworkMethod.java:44)
	at org.junit.internal.runners.model.ReflectiveCallable.run(ReflectiveCallable.java:15)
	at org.junit.runners.model.FrameworkMethod.invokeExplosively(FrameworkMethod.java:41)
	at org.junit.internal.runners.statements.InvokeMethod.evaluate(InvokeMethod.java:20)
	at org.springframework.test.context.junit4.statements.RunBeforeTestMethodCallbacks.evaluate(RunBeforeTestMethodCallbacks.java:74)
	at org.springframework.test.context.junit4.statements.RunAfterTestMethodCallbacks.evaluate(RunAfterTestMethodCallbacks.java:82)
	at org.springframework.test.context.junit4.statements.SpringRepeat.evaluate(SpringRepeat.java:72)
	at org.springframework.test.context.junit4.SpringJUnit4ClassRunner.runChild(SpringJUnit4ClassRunner.java:240)
	at org.junit.runners.BlockJUnit4ClassRunner.runChild(BlockJUnit4ClassRunner.java:49)
	at org.junit.runners.ParentRunner$3.run(ParentRunner.java:193)
	at org.junit.runners.ParentRunner$1.schedule(ParentRunner.java:52)
	at org.junit.runners.ParentRunner.runChildren(ParentRunner.java:191)
	at org.junit.runners.ParentRunner.access$000(ParentRunner.java:42)
	at org.junit.runners.ParentRunner$2.evaluate(ParentRunner.java:184)
	at org.springframework.test.context.junit4.statements.RunBeforeTestClassCallbacks.evaluate(RunBeforeTestClassCallbacks.java:61)
	at org.springframework.test.context.junit4.statements.RunAfterTestClassCallbacks.evaluate(RunAfterTestClassCallbacks.java:70)
	at org.junit.runners.ParentRunner.run(ParentRunner.java:236)
	at org.springframework.test.context.junit4.SpringJUnit4ClassRunner.run(SpringJUnit4ClassRunner.java:180)
	at org.apache.maven.surefire.junit4.JUnit4TestSet.execute(JUnit4TestSet.java:35)
	at org.apache.maven.surefire.junit4.JUnit4Provider.executeTestSet(JUnit4Provider.java:146)
	at org.apache.maven.surefire.junit4.JUnit4Provider.invoke(JUnit4Provider.java:97)
	at sun.reflect.NativeMethodAccessorImpl.invoke0(Native Method)
	at sun.reflect.NativeMethodAccessorImpl.invoke(NativeMethodAccessorImpl.java:39)
	at sun.reflect.DelegatingMethodAccessorImpl.invoke(DelegatingMethodAccessorImpl.java:25)
	at java.lang.reflect.Method.invoke(Method.java:597)
	at org.apache.maven.surefire.booter.ProviderFactory$ClassLoaderProxy.invoke(ProviderFactory.java:103)
	at $Proxy0.invoke(Unknown Source)
	at org.apache.maven.surefire.booter.SurefireStarter.invokeProvider(SurefireStarter.java:145)
	at org.apache.maven.surefire.booter.SurefireStarter.runSuitesInProcess(SurefireStarter.java:87)
	at org.apache.maven.surefire.booter.ForkedBooter.main(ForkedBooter.java:69)
Caused by: java.lang.IllegalArgumentException: org.hibernate.hql.ast.QuerySyntaxException: UserRole is not mapped [select o from UserRole o]
	at org.hibernate.ejb.AbstractEntityManagerImpl.convert(AbstractEntityManagerImpl.java:1201)
	at org.hibernate.ejb.AbstractEntityManagerImpl.convert(AbstractEntityManagerImpl.java:1147)
	at org.hibernate.ejb.AbstractEntityManagerImpl.createQuery(AbstractEntityManagerImpl.java:296)
	at sun.reflect.NativeMethodAccessorImpl.invoke0(Native Method)
	at sun.reflect.NativeMethodAccessorImpl.invoke(NativeMethodAccessorImpl.java:39)
	at sun.reflect.DelegatingMethodAccessorImpl.invoke(DelegatingMethodAccessorImpl.java:25)
	at java.lang.reflect.Method.invoke(Method.java:597)
	at org.springframework.orm.jpa.SharedEntityManagerCreator$SharedEntityManagerInvocationHandler.invoke(SharedEntityManagerCreator.java:240)
	at $Proxy39.createQuery(Unknown Source)
	... 46 more
Caused by: org.hibernate.hql.ast.QuerySyntaxException: UserRole is not mapped [select o from UserRole o]
	at org.hibernate.hql.ast.util.SessionFactoryHelper.requireClassPersister(SessionFactoryHelper.java:180)
	at org.hibernate.hql.ast.tree.FromElementFactory.addFromElement(FromElementFactory.java:111)
	at org.hibernate.hql.ast.tree.FromClause.addFromElement(FromClause.java:93)
	at org.hibernate.hql.ast.HqlSqlWalker.createFromElement(HqlSqlWalker.java:327)
	at org.hibernate.hql.antlr.HqlSqlBaseWalker.fromElement(HqlSqlBaseWalker.java:3441)
	at org.hibernate.hql.antlr.HqlSqlBaseWalker.fromElementList(HqlSqlBaseWalker.java:3325)
	at org.hibernate.hql.antlr.HqlSqlBaseWalker.fromClause(HqlSqlBaseWalker.java:733)
	at org.hibernate.hql.antlr.HqlSqlBaseWalker.query(HqlSqlBaseWalker.java:584)
	at org.hibernate.hql.antlr.HqlSqlBaseWalker.selectStatement(HqlSqlBaseWalker.java:301)
	at org.hibernate.hql.antlr.HqlSqlBaseWalker.statement(HqlSqlBaseWalker.java:244)
	at org.hibernate.hql.ast.QueryTranslatorImpl.analyze(QueryTranslatorImpl.java:254)
	at org.hibernate.hql.ast.QueryTranslatorImpl.doCompile(QueryTranslatorImpl.java:185)
	at org.hibernate.hql.ast.QueryTranslatorImpl.compile(QueryTranslatorImpl.java:136)
	at org.hibernate.engine.query.HQLQueryPlan.<init>(HQLQueryPlan.java:101)
	at org.hibernate.engine.query.HQLQueryPlan.<init>(HQLQueryPlan.java:80)
	at org.hibernate.engine.query.QueryPlanCache.getHQLQueryPlan(QueryPlanCache.java:124)
	at org.hibernate.impl.AbstractSessionImpl.getHQLQueryPlan(AbstractSessionImpl.java:156)
	at org.hibernate.impl.AbstractSessionImpl.createQuery(AbstractSessionImpl.java:135)
	at org.hibernate.impl.SessionImpl.createQuery(SessionImpl.java:1770)
	at org.hibernate.ejb.AbstractEntityManagerImpl.createQuery(AbstractEntityManagerImpl.java:281)
	... 52 more

testMerge(com.accoord.domain.UserRoleIntegrationTest)  Time elapsed: 0.626 sec  <<< ERROR!
org.springframework.dao.InvalidDataAccessApiUsageException: org.hibernate.hql.ast.QuerySyntaxException: UserRole is not mapped [select o from UserRole o]; nested exception is java.lang.IllegalArgumentException: org.hibernate.hql.ast.QuerySyntaxException: UserRole is not mapped [select o from UserRole o]
	at org.springframework.orm.jpa.EntityManagerFactoryUtils.convertJpaAccessExceptionIfPossible(EntityManagerFactoryUtils.java:286)
	at org.springframework.orm.jpa.aspectj.JpaExceptionTranslatorAspect.ajc$afterThrowing$org_springframework_orm_jpa_aspectj_JpaExceptionTranslatorAspect$1$18a1ac9(JpaExceptionTranslatorAspect.aj:15)
	at com.accoord.domain.UserRole_Roo_Entity.findUserRoleEntries_aroundBody8(UserRole_Roo_Entity.aj:100)
	at com.accoord.domain.UserRole_Roo_Entity.ajc$interMethod$com_accoord_domain_UserRole_Roo_Entity$com_accoord_domain_UserRole$findUserRoleEntries(UserRole_Roo_Entity.aj:1)
	at com.accoord.domain.UserRole.findUserRoleEntries(UserRole.java:1)
	at com.accoord.domain.UserRole_Roo_Entity.ajc$interMethodDispatch1$com_accoord_domain_UserRole_Roo_Entity$com_accoord_domain_UserRole$findUserRoleEntries(UserRole_Roo_Entity.aj)
	at com.accoord.domain.UserRoleDataOnDemand_Roo_DataOnDemand.ajc$interMethod$com_accoord_domain_UserRoleDataOnDemand_Roo_DataOnDemand$com_accoord_domain_UserRoleDataOnDemand$init(UserRoleDataOnDemand_Roo_DataOnDemand.aj:45)
	at com.accoord.domain.UserRoleDataOnDemand.init(UserRoleDataOnDemand.java:1)
	at com.accoord.domain.UserRoleDataOnDemand_Roo_DataOnDemand.ajc$interMethodDispatch1$com_accoord_domain_UserRoleDataOnDemand_Roo_DataOnDemand$com_accoord_domain_UserRoleDataOnDemand$init(UserRoleDataOnDemand_Roo_DataOnDemand.aj)
	at com.accoord.domain.UserRoleDataOnDemand_Roo_DataOnDemand.ajc$interMethod$com_accoord_domain_UserRoleDataOnDemand_Roo_DataOnDemand$com_accoord_domain_UserRoleDataOnDemand$getRandomUserRole(UserRoleDataOnDemand_Roo_DataOnDemand.aj:35)
	at com.accoord.domain.UserRoleDataOnDemand.getRandomUserRole(UserRoleDataOnDemand.java:1)
	at com.accoord.domain.UserRoleDataOnDemand_Roo_DataOnDemand.ajc$interMethodDispatch1$com_accoord_domain_UserRoleDataOnDemand_Roo_DataOnDemand$com_accoord_domain_UserRoleDataOnDemand$getRandomUserRole(UserRoleDataOnDemand_Roo_DataOnDemand.aj)
	at com.accoord.domain.UserRoleIntegrationTest_Roo_IntegrationTest.ajc$interMethod$com_accoord_domain_UserRoleIntegrationTest_Roo_IntegrationTest$com_accoord_domain_UserRoleIntegrationTest$testMerge(UserRoleIntegrationTest_Roo_IntegrationTest.aj:79)
	at com.accoord.domain.UserRoleIntegrationTest.testMerge(UserRoleIntegrationTest.java:1)
	at sun.reflect.NativeMethodAccessorImpl.invoke0(Native Method)
	at sun.reflect.NativeMethodAccessorImpl.invoke(NativeMethodAccessorImpl.java:39)
	at sun.reflect.DelegatingMethodAccessorImpl.invoke(DelegatingMethodAccessorImpl.java:25)
	at java.lang.reflect.Method.invoke(Method.java:597)
	at org.junit.runners.model.FrameworkMethod$1.runReflectiveCall(FrameworkMethod.java:44)
	at org.junit.internal.runners.model.ReflectiveCallable.run(ReflectiveCallable.java:15)
	at org.junit.runners.model.FrameworkMethod.invokeExplosively(FrameworkMethod.java:41)
	at org.junit.internal.runners.statements.InvokeMethod.evaluate(InvokeMethod.java:20)
	at org.springframework.test.context.junit4.statements.RunBeforeTestMethodCallbacks.evaluate(RunBeforeTestMethodCallbacks.java:74)
	at org.springframework.test.context.junit4.statements.RunAfterTestMethodCallbacks.evaluate(RunAfterTestMethodCallbacks.java:82)
	at org.springframework.test.context.junit4.statements.SpringRepeat.evaluate(SpringRepeat.java:72)
	at org.springframework.test.context.junit4.SpringJUnit4ClassRunner.runChild(SpringJUnit4ClassRunner.java:240)
	at org.junit.runners.BlockJUnit4ClassRunner.runChild(BlockJUnit4ClassRunner.java:49)
	at org.junit.runners.ParentRunner$3.run(ParentRunner.java:193)
	at org.junit.runners.ParentRunner$1.schedule(ParentRunner.java:52)
	at org.junit.runners.ParentRunner.runChildren(ParentRunner.java:191)
	at org.junit.runners.ParentRunner.access$000(ParentRunner.java:42)
	at org.junit.runners.ParentRunner$2.evaluate(ParentRunner.java:184)
	at org.springframework.test.context.junit4.statements.RunBeforeTestClassCallbacks.evaluate(RunBeforeTestClassCallbacks.java:61)
	at org.springframework.test.context.junit4.statements.RunAfterTestClassCallbacks.evaluate(RunAfterTestClassCallbacks.java:70)
	at org.junit.runners.ParentRunner.run(ParentRunner.java:236)
	at org.springframework.test.context.junit4.SpringJUnit4ClassRunner.run(SpringJUnit4ClassRunner.java:180)
	at org.apache.maven.surefire.junit4.JUnit4TestSet.execute(JUnit4TestSet.java:35)
	at org.apache.maven.surefire.junit4.JUnit4Provider.executeTestSet(JUnit4Provider.java:146)
	at org.apache.maven.surefire.junit4.JUnit4Provider.invoke(JUnit4Provider.java:97)
	at sun.reflect.NativeMethodAccessorImpl.invoke0(Native Method)
	at sun.reflect.NativeMethodAccessorImpl.invoke(NativeMethodAccessorImpl.java:39)
	at sun.reflect.DelegatingMethodAccessorImpl.invoke(DelegatingMethodAccessorImpl.java:25)
	at java.lang.reflect.Method.invoke(Method.java:597)
	at org.apache.maven.surefire.booter.ProviderFactory$ClassLoaderProxy.invoke(ProviderFactory.java:103)
	at $Proxy0.invoke(Unknown Source)
	at org.apache.maven.surefire.booter.SurefireStarter.invokeProvider(SurefireStarter.java:145)
	at org.apache.maven.surefire.booter.SurefireStarter.runSuitesInProcess(SurefireStarter.java:87)
	at org.apache.maven.surefire.booter.ForkedBooter.main(ForkedBooter.java:69)
Caused by: java.lang.IllegalArgumentException: org.hibernate.hql.ast.QuerySyntaxException: UserRole is not mapped [select o from UserRole o]
	at org.hibernate.ejb.AbstractEntityManagerImpl.convert(AbstractEntityManagerImpl.java:1201)
	at org.hibernate.ejb.AbstractEntityManagerImpl.convert(AbstractEntityManagerImpl.java:1147)
	at org.hibernate.ejb.AbstractEntityManagerImpl.createQuery(AbstractEntityManagerImpl.java:296)
	at sun.reflect.NativeMethodAccessorImpl.invoke0(Native Method)
	at sun.reflect.NativeMethodAccessorImpl.invoke(NativeMethodAccessorImpl.java:39)
	at sun.reflect.DelegatingMethodAccessorImpl.invoke(DelegatingMethodAccessorImpl.java:25)
	at java.lang.reflect.Method.invoke(Method.java:597)
	at org.springframework.orm.jpa.SharedEntityManagerCreator$SharedEntityManagerInvocationHandler.invoke(SharedEntityManagerCreator.java:240)
	at $Proxy39.createQuery(Unknown Source)
	... 46 more
Caused by: org.hibernate.hql.ast.QuerySyntaxException: UserRole is not mapped [select o from UserRole o]
	at org.hibernate.hql.ast.util.SessionFactoryHelper.requireClassPersister(SessionFactoryHelper.java:180)
	at org.hibernate.hql.ast.tree.FromElementFactory.addFromElement(FromElementFactory.java:111)
	at org.hibernate.hql.ast.tree.FromClause.addFromElement(FromClause.java:93)
	at org.hibernate.hql.ast.HqlSqlWalker.createFromElement(HqlSqlWalker.java:327)
	at org.hibernate.hql.antlr.HqlSqlBaseWalker.fromElement(HqlSqlBaseWalker.java:3441)
	at org.hibernate.hql.antlr.HqlSqlBaseWalker.fromElementList(HqlSqlBaseWalker.java:3325)
	at org.hibernate.hql.antlr.HqlSqlBaseWalker.fromClause(HqlSqlBaseWalker.java:733)
	at org.hibernate.hql.antlr.HqlSqlBaseWalker.query(HqlSqlBaseWalker.java:584)
	at org.hibernate.hql.antlr.HqlSqlBaseWalker.selectStatement(HqlSqlBaseWalker.java:301)
	at org.hibernate.hql.antlr.HqlSqlBaseWalker.statement(HqlSqlBaseWalker.java:244)
	at org.hibernate.hql.ast.QueryTranslatorImpl.analyze(QueryTranslatorImpl.java:254)
	at org.hibernate.hql.ast.QueryTranslatorImpl.doCompile(QueryTranslatorImpl.java:185)
	at org.hibernate.hql.ast.QueryTranslatorImpl.compile(QueryTranslatorImpl.java:136)
	at org.hibernate.engine.query.HQLQueryPlan.<init>(HQLQueryPlan.java:101)
	at org.hibernate.engine.query.HQLQueryPlan.<init>(HQLQueryPlan.java:80)
	at org.hibernate.engine.query.QueryPlanCache.getHQLQueryPlan(QueryPlanCache.java:124)
	at org.hibernate.impl.AbstractSessionImpl.getHQLQueryPlan(AbstractSessionImpl.java:156)
	at org.hibernate.impl.AbstractSessionImpl.createQuery(AbstractSessionImpl.java:135)
	at org.hibernate.impl.SessionImpl.createQuery(SessionImpl.java:1770)
	at org.hibernate.ejb.AbstractEntityManagerImpl.createQuery(AbstractEntityManagerImpl.java:281)
	... 52 more

testPersist(com.accoord.domain.UserRoleIntegrationTest)  Time elapsed: 0.718 sec  <<< ERROR!
org.springframework.dao.InvalidDataAccessApiUsageException: org.hibernate.hql.ast.QuerySyntaxException: UserRole is not mapped [select o from UserRole o]; nested exception is java.lang.IllegalArgumentException: org.hibernate.hql.ast.QuerySyntaxException: UserRole is not mapped [select o from UserRole o]
	at org.springframework.orm.jpa.EntityManagerFactoryUtils.convertJpaAccessExceptionIfPossible(EntityManagerFactoryUtils.java:286)
	at org.springframework.orm.jpa.aspectj.JpaExceptionTranslatorAspect.ajc$afterThrowing$org_springframework_orm_jpa_aspectj_JpaExceptionTranslatorAspect$1$18a1ac9(JpaExceptionTranslatorAspect.aj:15)
	at com.accoord.domain.UserRole_Roo_Entity.findUserRoleEntries_aroundBody8(UserRole_Roo_Entity.aj:100)
	at com.accoord.domain.UserRole_Roo_Entity.ajc$interMethod$com_accoord_domain_UserRole_Roo_Entity$com_accoord_domain_UserRole$findUserRoleEntries(UserRole_Roo_Entity.aj:1)
	at com.accoord.domain.UserRole.findUserRoleEntries(UserRole.java:1)
	at com.accoord.domain.UserRole_Roo_Entity.ajc$interMethodDispatch1$com_accoord_domain_UserRole_Roo_Entity$com_accoord_domain_UserRole$findUserRoleEntries(UserRole_Roo_Entity.aj)
	at com.accoord.domain.UserRoleDataOnDemand_Roo_DataOnDemand.ajc$interMethod$com_accoord_domain_UserRoleDataOnDemand_Roo_DataOnDemand$com_accoord_domain_UserRoleDataOnDemand$init(UserRoleDataOnDemand_Roo_DataOnDemand.aj:45)
	at com.accoord.domain.UserRoleDataOnDemand.init(UserRoleDataOnDemand.java:1)
	at com.accoord.domain.UserRoleDataOnDemand_Roo_DataOnDemand.ajc$interMethodDispatch1$com_accoord_domain_UserRoleDataOnDemand_Roo_DataOnDemand$com_accoord_domain_UserRoleDataOnDemand$init(UserRoleDataOnDemand_Roo_DataOnDemand.aj)
	at com.accoord.domain.UserRoleDataOnDemand_Roo_DataOnDemand.ajc$interMethod$com_accoord_domain_UserRoleDataOnDemand_Roo_DataOnDemand$com_accoord_domain_UserRoleDataOnDemand$getRandomUserRole(UserRoleDataOnDemand_Roo_DataOnDemand.aj:35)
	at com.accoord.domain.UserRoleDataOnDemand.getRandomUserRole(UserRoleDataOnDemand.java:1)
	at com.accoord.domain.UserRoleDataOnDemand_Roo_DataOnDemand.ajc$interMethodDispatch1$com_accoord_domain_UserRoleDataOnDemand_Roo_DataOnDemand$com_accoord_domain_UserRoleDataOnDemand$getRandomUserRole(UserRoleDataOnDemand_Roo_DataOnDemand.aj)
	at com.accoord.domain.UserRoleIntegrationTest_Roo_IntegrationTest.ajc$interMethod$com_accoord_domain_UserRoleIntegrationTest_Roo_IntegrationTest$com_accoord_domain_UserRoleIntegrationTest$testPersist(UserRoleIntegrationTest_Roo_IntegrationTest.aj:94)
	at com.accoord.domain.UserRoleIntegrationTest.testPersist(UserRoleIntegrationTest.java:1)
	at sun.reflect.NativeMethodAccessorImpl.invoke0(Native Method)
	at sun.reflect.NativeMethodAccessorImpl.invoke(NativeMethodAccessorImpl.java:39)
	at sun.reflect.DelegatingMethodAccessorImpl.invoke(DelegatingMethodAccessorImpl.java:25)
	at java.lang.reflect.Method.invoke(Method.java:597)
	at org.junit.runners.model.FrameworkMethod$1.runReflectiveCall(FrameworkMethod.java:44)
	at org.junit.internal.runners.model.ReflectiveCallable.run(ReflectiveCallable.java:15)
	at org.junit.runners.model.FrameworkMethod.invokeExplosively(FrameworkMethod.java:41)
	at org.junit.internal.runners.statements.InvokeMethod.evaluate(InvokeMethod.java:20)
	at org.springframework.test.context.junit4.statements.RunBeforeTestMethodCallbacks.evaluate(RunBeforeTestMethodCallbacks.java:74)
	at org.springframework.test.context.junit4.statements.RunAfterTestMethodCallbacks.evaluate(RunAfterTestMethodCallbacks.java:82)
	at org.springframework.test.context.junit4.statements.SpringRepeat.evaluate(SpringRepeat.java:72)
	at org.springframework.test.context.junit4.SpringJUnit4ClassRunner.runChild(SpringJUnit4ClassRunner.java:240)
	at org.junit.runners.BlockJUnit4ClassRunner.runChild(BlockJUnit4ClassRunner.java:49)
	at org.junit.runners.ParentRunner$3.run(ParentRunner.java:193)
	at org.junit.runners.ParentRunner$1.schedule(ParentRunner.java:52)
	at org.junit.runners.ParentRunner.runChildren(ParentRunner.java:191)
	at org.junit.runners.ParentRunner.access$000(ParentRunner.java:42)
	at org.junit.runners.ParentRunner$2.evaluate(ParentRunner.java:184)
	at org.springframework.test.context.junit4.statements.RunBeforeTestClassCallbacks.evaluate(RunBeforeTestClassCallbacks.java:61)
	at org.springframework.test.context.junit4.statements.RunAfterTestClassCallbacks.evaluate(RunAfterTestClassCallbacks.java:70)
	at org.junit.runners.ParentRunner.run(ParentRunner.java:236)
	at org.springframework.test.context.junit4.SpringJUnit4ClassRunner.run(SpringJUnit4ClassRunner.java:180)
	at org.apache.maven.surefire.junit4.JUnit4TestSet.execute(JUnit4TestSet.java:35)
	at org.apache.maven.surefire.junit4.JUnit4Provider.executeTestSet(JUnit4Provider.java:146)
	at org.apache.maven.surefire.junit4.JUnit4Provider.invoke(JUnit4Provider.java:97)
	at sun.reflect.NativeMethodAccessorImpl.invoke0(Native Method)
	at sun.reflect.NativeMethodAccessorImpl.invoke(NativeMethodAccessorImpl.java:39)
	at sun.reflect.DelegatingMethodAccessorImpl.invoke(DelegatingMethodAccessorImpl.java:25)
	at java.lang.reflect.Method.invoke(Method.java:597)
	at org.apache.maven.surefire.booter.ProviderFactory$ClassLoaderProxy.invoke(ProviderFactory.java:103)
	at $Proxy0.invoke(Unknown Source)
	at org.apache.maven.surefire.booter.SurefireStarter.invokeProvider(SurefireStarter.java:145)
	at org.apache.maven.surefire.booter.SurefireStarter.runSuitesInProcess(SurefireStarter.java:87)
	at org.apache.maven.surefire.booter.ForkedBooter.main(ForkedBooter.java:69)
Caused by: java.lang.IllegalArgumentException: org.hibernate.hql.ast.QuerySyntaxException: UserRole is not mapped [select o from UserRole o]
	at org.hibernate.ejb.AbstractEntityManagerImpl.convert(AbstractEntityManagerImpl.java:1201)
	at org.hibernate.ejb.AbstractEntityManagerImpl.convert(AbstractEntityManagerImpl.java:1147)
	at org.hibernate.ejb.AbstractEntityManagerImpl.createQuery(AbstractEntityManagerImpl.java:296)
	at sun.reflect.NativeMethodAccessorImpl.invoke0(Native Method)
	at sun.reflect.NativeMethodAccessorImpl.invoke(NativeMethodAccessorImpl.java:39)
	at sun.reflect.DelegatingMethodAccessorImpl.invoke(DelegatingMethodAccessorImpl.java:25)
	at java.lang.reflect.Method.invoke(Method.java:597)
	at org.springframework.orm.jpa.SharedEntityManagerCreator$SharedEntityManagerInvocationHandler.invoke(SharedEntityManagerCreator.java:240)
	at $Proxy39.createQuery(Unknown Source)
	... 46 more
Caused by: org.hibernate.hql.ast.QuerySyntaxException: UserRole is not mapped [select o from UserRole o]
	at org.hibernate.hql.ast.util.SessionFactoryHelper.requireClassPersister(SessionFactoryHelper.java:180)
	at org.hibernate.hql.ast.tree.FromElementFactory.addFromElement(FromElementFactory.java:111)
	at org.hibernate.hql.ast.tree.FromClause.addFromElement(FromClause.java:93)
	at org.hibernate.hql.ast.HqlSqlWalker.createFromElement(HqlSqlWalker.java:327)
	at org.hibernate.hql.antlr.HqlSqlBaseWalker.fromElement(HqlSqlBaseWalker.java:3441)
	at org.hibernate.hql.antlr.HqlSqlBaseWalker.fromElementList(HqlSqlBaseWalker.java:3325)
	at org.hibernate.hql.antlr.HqlSqlBaseWalker.fromClause(HqlSqlBaseWalker.java:733)
	at org.hibernate.hql.antlr.HqlSqlBaseWalker.query(HqlSqlBaseWalker.java:584)
	at org.hibernate.hql.antlr.HqlSqlBaseWalker.selectStatement(HqlSqlBaseWalker.java:301)
	at org.hibernate.hql.antlr.HqlSqlBaseWalker.statement(HqlSqlBaseWalker.java:244)
	at org.hibernate.hql.ast.QueryTranslatorImpl.analyze(QueryTranslatorImpl.java:254)
	at org.hibernate.hql.ast.QueryTranslatorImpl.doCompile(QueryTranslatorImpl.java:185)
	at org.hibernate.hql.ast.QueryTranslatorImpl.compile(QueryTranslatorImpl.java:136)
	at org.hibernate.engine.query.HQLQueryPlan.<init>(HQLQueryPlan.java:101)
	at org.hibernate.engine.query.HQLQueryPlan.<init>(HQLQueryPlan.java:80)
	at org.hibernate.engine.query.QueryPlanCache.getHQLQueryPlan(QueryPlanCache.java:124)
	at org.hibernate.impl.AbstractSessionImpl.getHQLQueryPlan(AbstractSessionImpl.java:156)
	at org.hibernate.impl.AbstractSessionImpl.createQuery(AbstractSessionImpl.java:135)
	at org.hibernate.impl.SessionImpl.createQuery(SessionImpl.java:1770)
	at org.hibernate.ejb.AbstractEntityManagerImpl.createQuery(AbstractEntityManagerImpl.java:281)
	... 52 more

testRemove(com.accoord.domain.UserRoleIntegrationTest)  Time elapsed: 0.813 sec  <<< ERROR!
org.springframework.dao.InvalidDataAccessApiUsageException: org.hibernate.hql.ast.QuerySyntaxException: UserRole is not mapped [select o from UserRole o]; nested exception is java.lang.IllegalArgumentException: org.hibernate.hql.ast.QuerySyntaxException: UserRole is not mapped [select o from UserRole o]
	at org.springframework.orm.jpa.EntityManagerFactoryUtils.convertJpaAccessExceptionIfPossible(EntityManagerFactoryUtils.java:286)
	at org.springframework.orm.jpa.aspectj.JpaExceptionTranslatorAspect.ajc$afterThrowing$org_springframework_orm_jpa_aspectj_JpaExceptionTranslatorAspect$1$18a1ac9(JpaExceptionTranslatorAspect.aj:15)
	at com.accoord.domain.UserRole_Roo_Entity.findUserRoleEntries_aroundBody8(UserRole_Roo_Entity.aj:100)
	at com.accoord.domain.UserRole_Roo_Entity.ajc$interMethod$com_accoord_domain_UserRole_Roo_Entity$com_accoord_domain_UserRole$findUserRoleEntries(UserRole_Roo_Entity.aj:1)
	at com.accoord.domain.UserRole.findUserRoleEntries(UserRole.java:1)
	at com.accoord.domain.UserRole_Roo_Entity.ajc$interMethodDispatch1$com_accoord_domain_UserRole_Roo_Entity$com_accoord_domain_UserRole$findUserRoleEntries(UserRole_Roo_Entity.aj)
	at com.accoord.domain.UserRoleDataOnDemand_Roo_DataOnDemand.ajc$interMethod$com_accoord_domain_UserRoleDataOnDemand_Roo_DataOnDemand$com_accoord_domain_UserRoleDataOnDemand$init(UserRoleDataOnDemand_Roo_DataOnDemand.aj:45)
	at com.accoord.domain.UserRoleDataOnDemand.init(UserRoleDataOnDemand.java:1)
	at com.accoord.domain.UserRoleDataOnDemand_Roo_DataOnDemand.ajc$interMethodDispatch1$com_accoord_domain_UserRoleDataOnDemand_Roo_DataOnDemand$com_accoord_domain_UserRoleDataOnDemand$init(UserRoleDataOnDemand_Roo_DataOnDemand.aj)
	at com.accoord.domain.UserRoleDataOnDemand_Roo_DataOnDemand.ajc$interMethod$com_accoord_domain_UserRoleDataOnDemand_Roo_DataOnDemand$com_accoord_domain_UserRoleDataOnDemand$getRandomUserRole(UserRoleDataOnDemand_Roo_DataOnDemand.aj:35)
	at com.accoord.domain.UserRoleDataOnDemand.getRandomUserRole(UserRoleDataOnDemand.java:1)
	at com.accoord.domain.UserRoleDataOnDemand_Roo_DataOnDemand.ajc$interMethodDispatch1$com_accoord_domain_UserRoleDataOnDemand_Roo_DataOnDemand$com_accoord_domain_UserRoleDataOnDemand$getRandomUserRole(UserRoleDataOnDemand_Roo_DataOnDemand.aj)
	at com.accoord.domain.UserRoleIntegrationTest_Roo_IntegrationTest.ajc$interMethod$com_accoord_domain_UserRoleIntegrationTest_Roo_IntegrationTest$com_accoord_domain_UserRoleIntegrationTest$testRemove(UserRoleIntegrationTest_Roo_IntegrationTest.aj:105)
	at com.accoord.domain.UserRoleIntegrationTest.testRemove(UserRoleIntegrationTest.java:1)
	at sun.reflect.NativeMethodAccessorImpl.invoke0(Native Method)
	at sun.reflect.NativeMethodAccessorImpl.invoke(NativeMethodAccessorImpl.java:39)
	at sun.reflect.DelegatingMethodAccessorImpl.invoke(DelegatingMethodAccessorImpl.java:25)
	at java.lang.reflect.Method.invoke(Method.java:597)
	at org.junit.runners.model.FrameworkMethod$1.runReflectiveCall(FrameworkMethod.java:44)
	at org.junit.internal.runners.model.ReflectiveCallable.run(ReflectiveCallable.java:15)
	at org.junit.runners.model.FrameworkMethod.invokeExplosively(FrameworkMethod.java:41)
	at org.junit.internal.runners.statements.InvokeMethod.evaluate(InvokeMethod.java:20)
	at org.springframework.test.context.junit4.statements.RunBeforeTestMethodCallbacks.evaluate(RunBeforeTestMethodCallbacks.java:74)
	at org.springframework.test.context.junit4.statements.RunAfterTestMethodCallbacks.evaluate(RunAfterTestMethodCallbacks.java:82)
	at org.springframework.test.context.junit4.statements.SpringRepeat.evaluate(SpringRepeat.java:72)
	at org.springframework.test.context.junit4.SpringJUnit4ClassRunner.runChild(SpringJUnit4ClassRunner.java:240)
	at org.junit.runners.BlockJUnit4ClassRunner.runChild(BlockJUnit4ClassRunner.java:49)
	at org.junit.runners.ParentRunner$3.run(ParentRunner.java:193)
	at org.junit.runners.ParentRunner$1.schedule(ParentRunner.java:52)
	at org.junit.runners.ParentRunner.runChildren(ParentRunner.java:191)
	at org.junit.runners.ParentRunner.access$000(ParentRunner.java:42)
	at org.junit.runners.ParentRunner$2.evaluate(ParentRunner.java:184)
	at org.springframework.test.context.junit4.statements.RunBeforeTestClassCallbacks.evaluate(RunBeforeTestClassCallbacks.java:61)
	at org.springframework.test.context.junit4.statements.RunAfterTestClassCallbacks.evaluate(RunAfterTestClassCallbacks.java:70)
	at org.junit.runners.ParentRunner.run(ParentRunner.java:236)
	at org.springframework.test.context.junit4.SpringJUnit4ClassRunner.run(SpringJUnit4ClassRunner.java:180)
	at org.apache.maven.surefire.junit4.JUnit4TestSet.execute(JUnit4TestSet.java:35)
	at org.apache.maven.surefire.junit4.JUnit4Provider.executeTestSet(JUnit4Provider.java:146)
	at org.apache.maven.surefire.junit4.JUnit4Provider.invoke(JUnit4Provider.java:97)
	at sun.reflect.NativeMethodAccessorImpl.invoke0(Native Method)
	at sun.reflect.NativeMethodAccessorImpl.invoke(NativeMethodAccessorImpl.java:39)
	at sun.reflect.DelegatingMethodAccessorImpl.invoke(DelegatingMethodAccessorImpl.java:25)
	at java.lang.reflect.Method.invoke(Method.java:597)
	at org.apache.maven.surefire.booter.ProviderFactory$ClassLoaderProxy.invoke(ProviderFactory.java:103)
	at $Proxy0.invoke(Unknown Source)
	at org.apache.maven.surefire.booter.SurefireStarter.invokeProvider(SurefireStarter.java:145)
	at org.apache.maven.surefire.booter.SurefireStarter.runSuitesInProcess(SurefireStarter.java:87)
	at org.apache.maven.surefire.booter.ForkedBooter.main(ForkedBooter.java:69)
Caused by: java.lang.IllegalArgumentException: org.hibernate.hql.ast.QuerySyntaxException: UserRole is not mapped [select o from UserRole o]
	at org.hibernate.ejb.AbstractEntityManagerImpl.convert(AbstractEntityManagerImpl.java:1201)
	at org.hibernate.ejb.AbstractEntityManagerImpl.convert(AbstractEntityManagerImpl.java:1147)
	at org.hibernate.ejb.AbstractEntityManagerImpl.createQuery(AbstractEntityManagerImpl.java:296)
	at sun.reflect.NativeMethodAccessorImpl.invoke0(Native Method)
	at sun.reflect.NativeMethodAccessorImpl.invoke(NativeMethodAccessorImpl.java:39)
	at sun.reflect.DelegatingMethodAccessorImpl.invoke(DelegatingMethodAccessorImpl.java:25)
	at java.lang.reflect.Method.invoke(Method.java:597)
	at org.springframework.orm.jpa.SharedEntityManagerCreator$SharedEntityManagerInvocationHandler.invoke(SharedEntityManagerCreator.java:240)
	at $Proxy39.createQuery(Unknown Source)
	... 46 more
Caused by: org.hibernate.hql.ast.QuerySyntaxException: UserRole is not mapped [select o from UserRole o]
	at org.hibernate.hql.ast.util.SessionFactoryHelper.requireClassPersister(SessionFactoryHelper.java:180)
	at org.hibernate.hql.ast.tree.FromElementFactory.addFromElement(FromElementFactory.java:111)
	at org.hibernate.hql.ast.tree.FromClause.addFromElement(FromClause.java:93)
	at org.hibernate.hql.ast.HqlSqlWalker.createFromElement(HqlSqlWalker.java:327)
	at org.hibernate.hql.antlr.HqlSqlBaseWalker.fromElement(HqlSqlBaseWalker.java:3441)
	at org.hibernate.hql.antlr.HqlSqlBaseWalker.fromElementList(HqlSqlBaseWalker.java:3325)
	at org.hibernate.hql.antlr.HqlSqlBaseWalker.fromClause(HqlSqlBaseWalker.java:733)
	at org.hibernate.hql.antlr.HqlSqlBaseWalker.query(HqlSqlBaseWalker.java:584)
	at org.hibernate.hql.antlr.HqlSqlBaseWalker.selectStatement(HqlSqlBaseWalker.java:301)
	at org.hibernate.hql.antlr.HqlSqlBaseWalker.statement(HqlSqlBaseWalker.java:244)
	at org.hibernate.hql.ast.QueryTranslatorImpl.analyze(QueryTranslatorImpl.java:254)
	at org.hibernate.hql.ast.QueryTranslatorImpl.doCompile(QueryTranslatorImpl.java:185)
	at org.hibernate.hql.ast.QueryTranslatorImpl.compile(QueryTranslatorImpl.java:136)
	at org.hibernate.engine.query.HQLQueryPlan.<init>(HQLQueryPlan.java:101)
	at org.hibernate.engine.query.HQLQueryPlan.<init>(HQLQueryPlan.java:80)
	at org.hibernate.engine.query.QueryPlanCache.getHQLQueryPlan(QueryPlanCache.java:124)
	at org.hibernate.impl.AbstractSessionImpl.getHQLQueryPlan(AbstractSessionImpl.java:156)
	at org.hibernate.impl.AbstractSessionImpl.createQuery(AbstractSessionImpl.java:135)
	at org.hibernate.impl.SessionImpl.createQuery(SessionImpl.java:1770)
	at org.hibernate.ejb.AbstractEntityManagerImpl.createQuery(AbstractEntityManagerImpl.java:281)
	... 52 more

testCountUserRoles(com.accoord.domain.UserRoleIntegrationTest)  Time elapsed: 0.609 sec  <<< ERROR!
org.springframework.dao.InvalidDataAccessApiUsageException: org.hibernate.hql.ast.QuerySyntaxException: UserRole is not mapped [select o from UserRole o]; nested exception is java.lang.IllegalArgumentException: org.hibernate.hql.ast.QuerySyntaxException: UserRole is not mapped [select o from UserRole o]
	at org.springframework.orm.jpa.EntityManagerFactoryUtils.convertJpaAccessExceptionIfPossible(EntityManagerFactoryUtils.java:286)
	at org.springframework.orm.jpa.aspectj.JpaExceptionTranslatorAspect.ajc$afterThrowing$org_springframework_orm_jpa_aspectj_JpaExceptionTranslatorAspect$1$18a1ac9(JpaExceptionTranslatorAspect.aj:15)
	at com.accoord.domain.UserRole_Roo_Entity.findUserRoleEntries_aroundBody8(UserRole_Roo_Entity.aj:100)
	at com.accoord.domain.UserRole_Roo_Entity.ajc$interMethod$com_accoord_domain_UserRole_Roo_Entity$com_accoord_domain_UserRole$findUserRoleEntries(UserRole_Roo_Entity.aj:1)
	at com.accoord.domain.UserRole.findUserRoleEntries(UserRole.java:1)
	at com.accoord.domain.UserRole_Roo_Entity.ajc$interMethodDispatch1$com_accoord_domain_UserRole_Roo_Entity$com_accoord_domain_UserRole$findUserRoleEntries(UserRole_Roo_Entity.aj)
	at com.accoord.domain.UserRoleDataOnDemand_Roo_DataOnDemand.ajc$interMethod$com_accoord_domain_UserRoleDataOnDemand_Roo_DataOnDemand$com_accoord_domain_UserRoleDataOnDemand$init(UserRoleDataOnDemand_Roo_DataOnDemand.aj:45)
	at com.accoord.domain.UserRoleDataOnDemand.init(UserRoleDataOnDemand.java:1)
	at com.accoord.domain.UserRoleDataOnDemand_Roo_DataOnDemand.ajc$interMethodDispatch1$com_accoord_domain_UserRoleDataOnDemand_Roo_DataOnDemand$com_accoord_domain_UserRoleDataOnDemand$init(UserRoleDataOnDemand_Roo_DataOnDemand.aj)
	at com.accoord.domain.UserRoleDataOnDemand_Roo_DataOnDemand.ajc$interMethod$com_accoord_domain_UserRoleDataOnDemand_Roo_DataOnDemand$com_accoord_domain_UserRoleDataOnDemand$getRandomUserRole(UserRoleDataOnDemand_Roo_DataOnDemand.aj:35)
	at com.accoord.domain.UserRoleDataOnDemand.getRandomUserRole(UserRoleDataOnDemand.java:1)
	at com.accoord.domain.UserRoleDataOnDemand_Roo_DataOnDemand.ajc$interMethodDispatch1$com_accoord_domain_UserRoleDataOnDemand_Roo_DataOnDemand$com_accoord_domain_UserRoleDataOnDemand$getRandomUserRole(UserRoleDataOnDemand_Roo_DataOnDemand.aj)
	at com.accoord.domain.UserRoleIntegrationTest_Roo_IntegrationTest.ajc$interMethod$com_accoord_domain_UserRoleIntegrationTest_Roo_IntegrationTest$com_accoord_domain_UserRoleIntegrationTest$testCountUserRoles(UserRoleIntegrationTest_Roo_IntegrationTest.aj:27)
	at com.accoord.domain.UserRoleIntegrationTest.testCountUserRoles(UserRoleIntegrationTest.java:1)
	at sun.reflect.NativeMethodAccessorImpl.invoke0(Native Method)
	at sun.reflect.NativeMethodAccessorImpl.invoke(NativeMethodAccessorImpl.java:39)
	at sun.reflect.DelegatingMethodAccessorImpl.invoke(DelegatingMethodAccessorImpl.java:25)
	at java.lang.reflect.Method.invoke(Method.java:597)
	at org.junit.runners.model.FrameworkMethod$1.runReflectiveCall(FrameworkMethod.java:44)
	at org.junit.internal.runners.model.ReflectiveCallable.run(ReflectiveCallable.java:15)
	at org.junit.runners.model.FrameworkMethod.invokeExplosively(FrameworkMethod.java:41)
	at org.junit.internal.runners.statements.InvokeMethod.evaluate(InvokeMethod.java:20)
	at org.springframework.test.context.junit4.statements.RunBeforeTestMethodCallbacks.evaluate(RunBeforeTestMethodCallbacks.java:74)
	at org.springframework.test.context.junit4.statements.RunAfterTestMethodCallbacks.evaluate(RunAfterTestMethodCallbacks.java:82)
	at org.springframework.test.context.junit4.statements.SpringRepeat.evaluate(SpringRepeat.java:72)
	at org.springframework.test.context.junit4.SpringJUnit4ClassRunner.runChild(SpringJUnit4ClassRunner.java:240)
	at org.junit.runners.BlockJUnit4ClassRunner.runChild(BlockJUnit4ClassRunner.java:49)
	at org.junit.runners.ParentRunner$3.run(ParentRunner.java:193)
	at org.junit.runners.ParentRunner$1.schedule(ParentRunner.java:52)
	at org.junit.runners.ParentRunner.runChildren(ParentRunner.java:191)
	at org.junit.runners.ParentRunner.access$000(ParentRunner.java:42)
	at org.junit.runners.ParentRunner$2.evaluate(ParentRunner.java:184)
	at org.springframework.test.context.junit4.statements.RunBeforeTestClassCallbacks.evaluate(RunBeforeTestClassCallbacks.java:61)
	at org.springframework.test.context.junit4.statements.RunAfterTestClassCallbacks.evaluate(RunAfterTestClassCallbacks.java:70)
	at org.junit.runners.ParentRunner.run(ParentRunner.java:236)
	at org.springframework.test.context.junit4.SpringJUnit4ClassRunner.run(SpringJUnit4ClassRunner.java:180)
	at org.apache.maven.surefire.junit4.JUnit4TestSet.execute(JUnit4TestSet.java:35)
	at org.apache.maven.surefire.junit4.JUnit4Provider.executeTestSet(JUnit4Provider.java:146)
	at org.apache.maven.surefire.junit4.JUnit4Provider.invoke(JUnit4Provider.java:97)
	at sun.reflect.NativeMethodAccessorImpl.invoke0(Native Method)
	at sun.reflect.NativeMethodAccessorImpl.invoke(NativeMethodAccessorImpl.java:39)
	at sun.reflect.DelegatingMethodAccessorImpl.invoke(DelegatingMethodAccessorImpl.java:25)
	at java.lang.reflect.Method.invoke(Method.java:597)
	at org.apache.maven.surefire.booter.ProviderFactory$ClassLoaderProxy.invoke(ProviderFactory.java:103)
	at $Proxy0.invoke(Unknown Source)
	at org.apache.maven.surefire.booter.SurefireStarter.invokeProvider(SurefireStarter.java:145)
	at org.apache.maven.surefire.booter.SurefireStarter.runSuitesInProcess(SurefireStarter.java:87)
	at org.apache.maven.surefire.booter.ForkedBooter.main(ForkedBooter.java:69)
Caused by: java.lang.IllegalArgumentException: org.hibernate.hql.ast.QuerySyntaxException: UserRole is not mapped [select o from UserRole o]
	at org.hibernate.ejb.AbstractEntityManagerImpl.convert(AbstractEntityManagerImpl.java:1201)
	at org.hibernate.ejb.AbstractEntityManagerImpl.convert(AbstractEntityManagerImpl.java:1147)
	at org.hibernate.ejb.AbstractEntityManagerImpl.createQuery(AbstractEntityManagerImpl.java:296)
	at sun.reflect.NativeMethodAccessorImpl.invoke0(Native Method)
	at sun.reflect.NativeMethodAccessorImpl.invoke(NativeMethodAccessorImpl.java:39)
	at sun.reflect.DelegatingMethodAccessorImpl.invoke(DelegatingMethodAccessorImpl.java:25)
	at java.lang.reflect.Method.invoke(Method.java:597)
	at org.springframework.orm.jpa.SharedEntityManagerCreator$SharedEntityManagerInvocationHandler.invoke(SharedEntityManagerCreator.java:240)
	at $Proxy39.createQuery(Unknown Source)
	... 46 more
Caused by: org.hibernate.hql.ast.QuerySyntaxException: UserRole is not mapped [select o from UserRole o]
	at org.hibernate.hql.ast.util.SessionFactoryHelper.requireClassPersister(SessionFactoryHelper.java:180)
	at org.hibernate.hql.ast.tree.FromElementFactory.addFromElement(FromElementFactory.java:111)
	at org.hibernate.hql.ast.tree.FromClause.addFromElement(FromClause.java:93)
	at org.hibernate.hql.ast.HqlSqlWalker.createFromElement(HqlSqlWalker.java:327)
	at org.hibernate.hql.antlr.HqlSqlBaseWalker.fromElement(HqlSqlBaseWalker.java:3441)
	at org.hibernate.hql.antlr.HqlSqlBaseWalker.fromElementList(HqlSqlBaseWalker.java:3325)
	at org.hibernate.hql.antlr.HqlSqlBaseWalker.fromClause(HqlSqlBaseWalker.java:733)
	at org.hibernate.hql.antlr.HqlSqlBaseWalker.query(HqlSqlBaseWalker.java:584)
	at org.hibernate.hql.antlr.HqlSqlBaseWalker.selectStatement(HqlSqlBaseWalker.java:301)
	at org.hibernate.hql.antlr.HqlSqlBaseWalker.statement(HqlSqlBaseWalker.java:244)
	at org.hibernate.hql.ast.QueryTranslatorImpl.analyze(QueryTranslatorImpl.java:254)
	at org.hibernate.hql.ast.QueryTranslatorImpl.doCompile(QueryTranslatorImpl.java:185)
	at org.hibernate.hql.ast.QueryTranslatorImpl.compile(QueryTranslatorImpl.java:136)
	at org.hibernate.engine.query.HQLQueryPlan.<init>(HQLQueryPlan.java:101)
	at org.hibernate.engine.query.HQLQueryPlan.<init>(HQLQueryPlan.java:80)
	at org.hibernate.engine.query.QueryPlanCache.getHQLQueryPlan(QueryPlanCache.java:124)
	at org.hibernate.impl.AbstractSessionImpl.getHQLQueryPlan(AbstractSessionImpl.java:156)
	at org.hibernate.impl.AbstractSessionImpl.createQuery(AbstractSessionImpl.java:135)
	at org.hibernate.impl.SessionImpl.createQuery(SessionImpl.java:1770)
	at org.hibernate.ejb.AbstractEntityManagerImpl.createQuery(AbstractEntityManagerImpl.java:281)
	... 52 more

testFindUserRole(com.accoord.domain.UserRoleIntegrationTest)  Time elapsed: 0.828 sec  <<< ERROR!
org.springframework.dao.InvalidDataAccessApiUsageException: org.hibernate.hql.ast.QuerySyntaxException: UserRole is not mapped [select o from UserRole o]; nested exception is java.lang.IllegalArgumentException: org.hibernate.hql.ast.QuerySyntaxException: UserRole is not mapped [select o from UserRole o]
	at org.springframework.orm.jpa.EntityManagerFactoryUtils.convertJpaAccessExceptionIfPossible(EntityManagerFactoryUtils.java:286)
	at org.springframework.orm.jpa.aspectj.JpaExceptionTranslatorAspect.ajc$afterThrowing$org_springframework_orm_jpa_aspectj_JpaExceptionTranslatorAspect$1$18a1ac9(JpaExceptionTranslatorAspect.aj:15)
	at com.accoord.domain.UserRole_Roo_Entity.findUserRoleEntries_aroundBody8(UserRole_Roo_Entity.aj:100)
	at com.accoord.domain.UserRole_Roo_Entity.ajc$interMethod$com_accoord_domain_UserRole_Roo_Entity$com_accoord_domain_UserRole$findUserRoleEntries(UserRole_Roo_Entity.aj:1)
	at com.accoord.domain.UserRole.findUserRoleEntries(UserRole.java:1)
	at com.accoord.domain.UserRole_Roo_Entity.ajc$interMethodDispatch1$com_accoord_domain_UserRole_Roo_Entity$com_accoord_domain_UserRole$findUserRoleEntries(UserRole_Roo_Entity.aj)
	at com.accoord.domain.UserRoleDataOnDemand_Roo_DataOnDemand.ajc$interMethod$com_accoord_domain_UserRoleDataOnDemand_Roo_DataOnDemand$com_accoord_domain_UserRoleDataOnDemand$init(UserRoleDataOnDemand_Roo_DataOnDemand.aj:45)
	at com.accoord.domain.UserRoleDataOnDemand.init(UserRoleDataOnDemand.java:1)
	at com.accoord.domain.UserRoleDataOnDemand_Roo_DataOnDemand.ajc$interMethodDispatch1$com_accoord_domain_UserRoleDataOnDemand_Roo_DataOnDemand$com_accoord_domain_UserRoleDataOnDemand$init(UserRoleDataOnDemand_Roo_DataOnDemand.aj)
	at com.accoord.domain.UserRoleDataOnDemand_Roo_DataOnDemand.ajc$interMethod$com_accoord_domain_UserRoleDataOnDemand_Roo_DataOnDemand$com_accoord_domain_UserRoleDataOnDemand$getRandomUserRole(UserRoleDataOnDemand_Roo_DataOnDemand.aj:35)
	at com.accoord.domain.UserRoleDataOnDemand.getRandomUserRole(UserRoleDataOnDemand.java:1)
	at com.accoord.domain.UserRoleDataOnDemand_Roo_DataOnDemand.ajc$interMethodDispatch1$com_accoord_domain_UserRoleDataOnDemand_Roo_DataOnDemand$com_accoord_domain_UserRoleDataOnDemand$getRandomUserRole(UserRoleDataOnDemand_Roo_DataOnDemand.aj)
	at com.accoord.domain.UserRoleIntegrationTest_Roo_IntegrationTest.ajc$interMethod$com_accoord_domain_UserRoleIntegrationTest_Roo_IntegrationTest$com_accoord_domain_UserRoleIntegrationTest$testFindUserRole(UserRoleIntegrationTest_Roo_IntegrationTest.aj:34)
	at com.accoord.domain.UserRoleIntegrationTest.testFindUserRole(UserRoleIntegrationTest.java:1)
	at sun.reflect.NativeMethodAccessorImpl.invoke0(Native Method)
	at sun.reflect.NativeMethodAccessorImpl.invoke(NativeMethodAccessorImpl.java:39)
	at sun.reflect.DelegatingMethodAccessorImpl.invoke(DelegatingMethodAccessorImpl.java:25)
	at java.lang.reflect.Method.invoke(Method.java:597)
	at org.junit.runners.model.FrameworkMethod$1.runReflectiveCall(FrameworkMethod.java:44)
	at org.junit.internal.runners.model.ReflectiveCallable.run(ReflectiveCallable.java:15)
	at org.junit.runners.model.FrameworkMethod.invokeExplosively(FrameworkMethod.java:41)
	at org.junit.internal.runners.statements.InvokeMethod.evaluate(InvokeMethod.java:20)
	at org.springframework.test.context.junit4.statements.RunBeforeTestMethodCallbacks.evaluate(RunBeforeTestMethodCallbacks.java:74)
	at org.springframework.test.context.junit4.statements.RunAfterTestMethodCallbacks.evaluate(RunAfterTestMethodCallbacks.java:82)
	at org.springframework.test.context.junit4.statements.SpringRepeat.evaluate(SpringRepeat.java:72)
	at org.springframework.test.context.junit4.SpringJUnit4ClassRunner.runChild(SpringJUnit4ClassRunner.java:240)
	at org.junit.runners.BlockJUnit4ClassRunner.runChild(BlockJUnit4ClassRunner.java:49)
	at org.junit.runners.ParentRunner$3.run(ParentRunner.java:193)
	at org.junit.runners.ParentRunner$1.schedule(ParentRunner.java:52)
	at org.junit.runners.ParentRunner.runChildren(ParentRunner.java:191)
	at org.junit.runners.ParentRunner.access$000(ParentRunner.java:42)
	at org.junit.runners.ParentRunner$2.evaluate(ParentRunner.java:184)
	at org.springframework.test.context.junit4.statements.RunBeforeTestClassCallbacks.evaluate(RunBeforeTestClassCallbacks.java:61)
	at org.springframework.test.context.junit4.statements.RunAfterTestClassCallbacks.evaluate(RunAfterTestClassCallbacks.java:70)
	at org.junit.runners.ParentRunner.run(ParentRunner.java:236)
	at org.springframework.test.context.junit4.SpringJUnit4ClassRunner.run(SpringJUnit4ClassRunner.java:180)
	at org.apache.maven.surefire.junit4.JUnit4TestSet.execute(JUnit4TestSet.java:35)
	at org.apache.maven.surefire.junit4.JUnit4Provider.executeTestSet(JUnit4Provider.java:146)
	at org.apache.maven.surefire.junit4.JUnit4Provider.invoke(JUnit4Provider.java:97)
	at sun.reflect.NativeMethodAccessorImpl.invoke0(Native Method)
	at sun.reflect.NativeMethodAccessorImpl.invoke(NativeMethodAccessorImpl.java:39)
	at sun.reflect.DelegatingMethodAccessorImpl.invoke(DelegatingMethodAccessorImpl.java:25)
	at java.lang.reflect.Method.invoke(Method.java:597)
	at org.apache.maven.surefire.booter.ProviderFactory$ClassLoaderProxy.invoke(ProviderFactory.java:103)
	at $Proxy0.invoke(Unknown Source)
	at org.apache.maven.surefire.booter.SurefireStarter.invokeProvider(SurefireStarter.java:145)
	at org.apache.maven.surefire.booter.SurefireStarter.runSuitesInProcess(SurefireStarter.java:87)
	at org.apache.maven.surefire.booter.ForkedBooter.main(ForkedBooter.java:69)
Caused by: java.lang.IllegalArgumentException: org.hibernate.hql.ast.QuerySyntaxException: UserRole is not mapped [select o from UserRole o]
	at org.hibernate.ejb.AbstractEntityManagerImpl.convert(AbstractEntityManagerImpl.java:1201)
	at org.hibernate.ejb.AbstractEntityManagerImpl.convert(AbstractEntityManagerImpl.java:1147)
	at org.hibernate.ejb.AbstractEntityManagerImpl.createQuery(AbstractEntityManagerImpl.java:296)
	at sun.reflect.NativeMethodAccessorImpl.invoke0(Native Method)
	at sun.reflect.NativeMethodAccessorImpl.invoke(NativeMethodAccessorImpl.java:39)
	at sun.reflect.DelegatingMethodAccessorImpl.invoke(DelegatingMethodAccessorImpl.java:25)
	at java.lang.reflect.Method.invoke(Method.java:597)
	at org.springframework.orm.jpa.SharedEntityManagerCreator$SharedEntityManagerInvocationHandler.invoke(SharedEntityManagerCreator.java:240)
	at $Proxy39.createQuery(Unknown Source)
	... 46 more
Caused by: org.hibernate.hql.ast.QuerySyntaxException: UserRole is not mapped [select o from UserRole o]
	at org.hibernate.hql.ast.util.SessionFactoryHelper.requireClassPersister(SessionFactoryHelper.java:180)
	at org.hibernate.hql.ast.tree.FromElementFactory.addFromElement(FromElementFactory.java:111)
	at org.hibernate.hql.ast.tree.FromClause.addFromElement(FromClause.java:93)
	at org.hibernate.hql.ast.HqlSqlWalker.createFromElement(HqlSqlWalker.java:327)
	at org.hibernate.hql.antlr.HqlSqlBaseWalker.fromElement(HqlSqlBaseWalker.java:3441)
	at org.hibernate.hql.antlr.HqlSqlBaseWalker.fromElementList(HqlSqlBaseWalker.java:3325)
	at org.hibernate.hql.antlr.HqlSqlBaseWalker.fromClause(HqlSqlBaseWalker.java:733)
	at org.hibernate.hql.antlr.HqlSqlBaseWalker.query(HqlSqlBaseWalker.java:584)
	at org.hibernate.hql.antlr.HqlSqlBaseWalker.selectStatement(HqlSqlBaseWalker.java:301)
	at org.hibernate.hql.antlr.HqlSqlBaseWalker.statement(HqlSqlBaseWalker.java:244)
	at org.hibernate.hql.ast.QueryTranslatorImpl.analyze(QueryTranslatorImpl.java:254)
	at org.hibernate.hql.ast.QueryTranslatorImpl.doCompile(QueryTranslatorImpl.java:185)
	at org.hibernate.hql.ast.QueryTranslatorImpl.compile(QueryTranslatorImpl.java:136)
	at org.hibernate.engine.query.HQLQueryPlan.<init>(HQLQueryPlan.java:101)
	at org.hibernate.engine.query.HQLQueryPlan.<init>(HQLQueryPlan.java:80)
	at org.hibernate.engine.query.QueryPlanCache.getHQLQueryPlan(QueryPlanCache.java:124)
	at org.hibernate.impl.AbstractSessionImpl.getHQLQueryPlan(AbstractSessionImpl.java:156)
	at org.hibernate.impl.AbstractSessionImpl.createQuery(AbstractSessionImpl.java:135)
	at org.hibernate.impl.SessionImpl.createQuery(SessionImpl.java:1770)
	at org.hibernate.ejb.AbstractEntityManagerImpl.createQuery(AbstractEntityManagerImpl.java:281)
	... 52 more

testFindAllUserRoles(com.accoord.domain.UserRoleIntegrationTest)  Time elapsed: 0.813 sec  <<< ERROR!
org.springframework.dao.InvalidDataAccessApiUsageException: org.hibernate.hql.ast.QuerySyntaxException: UserRole is not mapped [select o from UserRole o]; nested exception is java.lang.IllegalArgumentException: org.hibernate.hql.ast.QuerySyntaxException: UserRole is not mapped [select o from UserRole o]
	at org.springframework.orm.jpa.EntityManagerFactoryUtils.convertJpaAccessExceptionIfPossible(EntityManagerFactoryUtils.java:286)
	at org.springframework.orm.jpa.aspectj.JpaExceptionTranslatorAspect.ajc$afterThrowing$org_springframework_orm_jpa_aspectj_JpaExceptionTranslatorAspect$1$18a1ac9(JpaExceptionTranslatorAspect.aj:15)
	at com.accoord.domain.UserRole_Roo_Entity.findUserRoleEntries_aroundBody8(UserRole_Roo_Entity.aj:100)
	at com.accoord.domain.UserRole_Roo_Entity.ajc$interMethod$com_accoord_domain_UserRole_Roo_Entity$com_accoord_domain_UserRole$findUserRoleEntries(UserRole_Roo_Entity.aj:1)
	at com.accoord.domain.UserRole.findUserRoleEntries(UserRole.java:1)
	at com.accoord.domain.UserRole_Roo_Entity.ajc$interMethodDispatch1$com_accoord_domain_UserRole_Roo_Entity$com_accoord_domain_UserRole$findUserRoleEntries(UserRole_Roo_Entity.aj)
	at com.accoord.domain.UserRoleDataOnDemand_Roo_DataOnDemand.ajc$interMethod$com_accoord_domain_UserRoleDataOnDemand_Roo_DataOnDemand$com_accoord_domain_UserRoleDataOnDemand$init(UserRoleDataOnDemand_Roo_DataOnDemand.aj:45)
	at com.accoord.domain.UserRoleDataOnDemand.init(UserRoleDataOnDemand.java:1)
	at com.accoord.domain.UserRoleDataOnDemand_Roo_DataOnDemand.ajc$interMethodDispatch1$com_accoord_domain_UserRoleDataOnDemand_Roo_DataOnDemand$com_accoord_domain_UserRoleDataOnDemand$init(UserRoleDataOnDemand_Roo_DataOnDemand.aj)
	at com.accoord.domain.UserRoleDataOnDemand_Roo_DataOnDemand.ajc$interMethod$com_accoord_domain_UserRoleDataOnDemand_Roo_DataOnDemand$com_accoord_domain_UserRoleDataOnDemand$getRandomUserRole(UserRoleDataOnDemand_Roo_DataOnDemand.aj:35)
	at com.accoord.domain.UserRoleDataOnDemand.getRandomUserRole(UserRoleDataOnDemand.java:1)
	at com.accoord.domain.UserRoleDataOnDemand_Roo_DataOnDemand.ajc$interMethodDispatch1$com_accoord_domain_UserRoleDataOnDemand_Roo_DataOnDemand$com_accoord_domain_UserRoleDataOnDemand$getRandomUserRole(UserRoleDataOnDemand_Roo_DataOnDemand.aj)
	at com.accoord.domain.UserRoleIntegrationTest_Roo_IntegrationTest.ajc$interMethod$com_accoord_domain_UserRoleIntegrationTest_Roo_IntegrationTest$com_accoord_domain_UserRoleIntegrationTest$testFindAllUserRoles(UserRoleIntegrationTest_Roo_IntegrationTest.aj:45)
	at com.accoord.domain.UserRoleIntegrationTest.testFindAllUserRoles(UserRoleIntegrationTest.java:1)
	at sun.reflect.NativeMethodAccessorImpl.invoke0(Native Method)
	at sun.reflect.NativeMethodAccessorImpl.invoke(NativeMethodAccessorImpl.java:39)
	at sun.reflect.DelegatingMethodAccessorImpl.invoke(DelegatingMethodAccessorImpl.java:25)
	at java.lang.reflect.Method.invoke(Method.java:597)
	at org.junit.runners.model.FrameworkMethod$1.runReflectiveCall(FrameworkMethod.java:44)
	at org.junit.internal.runners.model.ReflectiveCallable.run(ReflectiveCallable.java:15)
	at org.junit.runners.model.FrameworkMethod.invokeExplosively(FrameworkMethod.java:41)
	at org.junit.internal.runners.statements.InvokeMethod.evaluate(InvokeMethod.java:20)
	at org.springframework.test.context.junit4.statements.RunBeforeTestMethodCallbacks.evaluate(RunBeforeTestMethodCallbacks.java:74)
	at org.springframework.test.context.junit4.statements.RunAfterTestMethodCallbacks.evaluate(RunAfterTestMethodCallbacks.java:82)
	at org.springframework.test.context.junit4.statements.SpringRepeat.evaluate(SpringRepeat.java:72)
	at org.springframework.test.context.junit4.SpringJUnit4ClassRunner.runChild(SpringJUnit4ClassRunner.java:240)
	at org.junit.runners.BlockJUnit4ClassRunner.runChild(BlockJUnit4ClassRunner.java:49)
	at org.junit.runners.ParentRunner$3.run(ParentRunner.java:193)
	at org.junit.runners.ParentRunner$1.schedule(ParentRunner.java:52)
	at org.junit.runners.ParentRunner.runChildren(ParentRunner.java:191)
	at org.junit.runners.ParentRunner.access$000(ParentRunner.java:42)
	at org.junit.runners.ParentRunner$2.evaluate(ParentRunner.java:184)
	at org.springframework.test.context.junit4.statements.RunBeforeTestClassCallbacks.evaluate(RunBeforeTestClassCallbacks.java:61)
	at org.springframework.test.context.junit4.statements.RunAfterTestClassCallbacks.evaluate(RunAfterTestClassCallbacks.java:70)
	at org.junit.runners.ParentRunner.run(ParentRunner.java:236)
	at org.springframework.test.context.junit4.SpringJUnit4ClassRunner.run(SpringJUnit4ClassRunner.java:180)
	at org.apache.maven.surefire.junit4.JUnit4TestSet.execute(JUnit4TestSet.java:35)
	at org.apache.maven.surefire.junit4.JUnit4Provider.executeTestSet(JUnit4Provider.java:146)
	at org.apache.maven.surefire.junit4.JUnit4Provider.invoke(JUnit4Provider.java:97)
	at sun.reflect.NativeMethodAccessorImpl.invoke0(Native Method)
	at sun.reflect.NativeMethodAccessorImpl.invoke(NativeMethodAccessorImpl.java:39)
	at sun.reflect.DelegatingMethodAccessorImpl.invoke(DelegatingMethodAccessorImpl.java:25)
	at java.lang.reflect.Method.invoke(Method.java:597)
	at org.apache.maven.surefire.booter.ProviderFactory$ClassLoaderProxy.invoke(ProviderFactory.java:103)
	at $Proxy0.invoke(Unknown Source)
	at org.apache.maven.surefire.booter.SurefireStarter.invokeProvider(SurefireStarter.java:145)
	at org.apache.maven.surefire.booter.SurefireStarter.runSuitesInProcess(SurefireStarter.java:87)
	at org.apache.maven.surefire.booter.ForkedBooter.main(ForkedBooter.java:69)
Caused by: java.lang.IllegalArgumentException: org.hibernate.hql.ast.QuerySyntaxException: UserRole is not mapped [select o from UserRole o]
	at org.hibernate.ejb.AbstractEntityManagerImpl.convert(AbstractEntityManagerImpl.java:1201)
	at org.hibernate.ejb.AbstractEntityManagerImpl.convert(AbstractEntityManagerImpl.java:1147)
	at org.hibernate.ejb.AbstractEntityManagerImpl.createQuery(AbstractEntityManagerImpl.java:296)
	at sun.reflect.NativeMethodAccessorImpl.invoke0(Native Method)
	at sun.reflect.NativeMethodAccessorImpl.invoke(NativeMethodAccessorImpl.java:39)
	at sun.reflect.DelegatingMethodAccessorImpl.invoke(DelegatingMethodAccessorImpl.java:25)
	at java.lang.reflect.Method.invoke(Method.java:597)
	at org.springframework.orm.jpa.SharedEntityManagerCreator$SharedEntityManagerInvocationHandler.invoke(SharedEntityManagerCreator.java:240)
	at $Proxy39.createQuery(Unknown Source)
	... 46 more
Caused by: org.hibernate.hql.ast.QuerySyntaxException: UserRole is not mapped [select o from UserRole o]
	at org.hibernate.hql.ast.util.SessionFactoryHelper.requireClassPersister(SessionFactoryHelper.java:180)
	at org.hibernate.hql.ast.tree.FromElementFactory.addFromElement(FromElementFactory.java:111)
	at org.hibernate.hql.ast.tree.FromClause.addFromElement(FromClause.java:93)
	at org.hibernate.hql.ast.HqlSqlWalker.createFromElement(HqlSqlWalker.java:327)
	at org.hibernate.hql.antlr.HqlSqlBaseWalker.fromElement(HqlSqlBaseWalker.java:3441)
	at org.hibernate.hql.antlr.HqlSqlBaseWalker.fromElementList(HqlSqlBaseWalker.java:3325)
	at org.hibernate.hql.antlr.HqlSqlBaseWalker.fromClause(HqlSqlBaseWalker.java:733)
	at org.hibernate.hql.antlr.HqlSqlBaseWalker.query(HqlSqlBaseWalker.java:584)
	at org.hibernate.hql.antlr.HqlSqlBaseWalker.selectStatement(HqlSqlBaseWalker.java:301)
	at org.hibernate.hql.antlr.HqlSqlBaseWalker.statement(HqlSqlBaseWalker.java:244)
	at org.hibernate.hql.ast.QueryTranslatorImpl.analyze(QueryTranslatorImpl.java:254)
	at org.hibernate.hql.ast.QueryTranslatorImpl.doCompile(QueryTranslatorImpl.java:185)
	at org.hibernate.hql.ast.QueryTranslatorImpl.compile(QueryTranslatorImpl.java:136)
	at org.hibernate.engine.query.HQLQueryPlan.<init>(HQLQueryPlan.java:101)
	at org.hibernate.engine.query.HQLQueryPlan.<init>(HQLQueryPlan.java:80)
	at org.hibernate.engine.query.QueryPlanCache.getHQLQueryPlan(QueryPlanCache.java:124)
	at org.hibernate.impl.AbstractSessionImpl.getHQLQueryPlan(AbstractSessionImpl.java:156)
	at org.hibernate.impl.AbstractSessionImpl.createQuery(AbstractSessionImpl.java:135)
	at org.hibernate.impl.SessionImpl.createQuery(SessionImpl.java:1770)
	at org.hibernate.ejb.AbstractEntityManagerImpl.createQuery(AbstractEntityManagerImpl.java:281)
	... 52 more

testFindUserRoleEntries(com.accoord.domain.UserRoleIntegrationTest)  Time elapsed: 1.125 sec  <<< ERROR!
org.springframework.dao.InvalidDataAccessApiUsageException: org.hibernate.hql.ast.QuerySyntaxException: UserRole is not mapped [select o from UserRole o]; nested exception is java.lang.IllegalArgumentException: org.hibernate.hql.ast.QuerySyntaxException: UserRole is not mapped [select o from UserRole o]
	at org.springframework.orm.jpa.EntityManagerFactoryUtils.convertJpaAccessExceptionIfPossible(EntityManagerFactoryUtils.java:286)
	at org.springframework.orm.jpa.aspectj.JpaExceptionTranslatorAspect.ajc$afterThrowing$org_springframework_orm_jpa_aspectj_JpaExceptionTranslatorAspect$1$18a1ac9(JpaExceptionTranslatorAspect.aj:15)
	at com.accoord.domain.UserRole_Roo_Entity.findUserRoleEntries_aroundBody8(UserRole_Roo_Entity.aj:100)
	at com.accoord.domain.UserRole_Roo_Entity.ajc$interMethod$com_accoord_domain_UserRole_Roo_Entity$com_accoord_domain_UserRole$findUserRoleEntries(UserRole_Roo_Entity.aj:1)
	at com.accoord.domain.UserRole.findUserRoleEntries(UserRole.java:1)
	at com.accoord.domain.UserRole_Roo_Entity.ajc$interMethodDispatch1$com_accoord_domain_UserRole_Roo_Entity$com_accoord_domain_UserRole$findUserRoleEntries(UserRole_Roo_Entity.aj)
	at com.accoord.domain.UserRoleDataOnDemand_Roo_DataOnDemand.ajc$interMethod$com_accoord_domain_UserRoleDataOnDemand_Roo_DataOnDemand$com_accoord_domain_UserRoleDataOnDemand$init(UserRoleDataOnDemand_Roo_DataOnDemand.aj:45)
	at com.accoord.domain.UserRoleDataOnDemand.init(UserRoleDataOnDemand.java:1)
	at com.accoord.domain.UserRoleDataOnDemand_Roo_DataOnDemand.ajc$interMethodDispatch1$com_accoord_domain_UserRoleDataOnDemand_Roo_DataOnDemand$com_accoord_domain_UserRoleDataOnDemand$init(UserRoleDataOnDemand_Roo_DataOnDemand.aj)
	at com.accoord.domain.UserRoleDataOnDemand_Roo_DataOnDemand.ajc$interMethod$com_accoord_domain_UserRoleDataOnDemand_Roo_DataOnDemand$com_accoord_domain_UserRoleDataOnDemand$getRandomUserRole(UserRoleDataOnDemand_Roo_DataOnDemand.aj:35)
	at com.accoord.domain.UserRoleDataOnDemand.getRandomUserRole(UserRoleDataOnDemand.java:1)
	at com.accoord.domain.UserRoleDataOnDemand_Roo_DataOnDemand.ajc$interMethodDispatch1$com_accoord_domain_UserRoleDataOnDemand_Roo_DataOnDemand$com_accoord_domain_UserRoleDataOnDemand$getRandomUserRole(UserRoleDataOnDemand_Roo_DataOnDemand.aj)
	at com.accoord.domain.UserRoleIntegrationTest_Roo_IntegrationTest.ajc$interMethod$com_accoord_domain_UserRoleIntegrationTest_Roo_IntegrationTest$com_accoord_domain_UserRoleIntegrationTest$testFindUserRoleEntries(UserRoleIntegrationTest_Roo_IntegrationTest.aj:55)
	at com.accoord.domain.UserRoleIntegrationTest.testFindUserRoleEntries(UserRoleIntegrationTest.java:1)
	at sun.reflect.NativeMethodAccessorImpl.invoke0(Native Method)
	at sun.reflect.NativeMethodAccessorImpl.invoke(NativeMethodAccessorImpl.java:39)
	at sun.reflect.DelegatingMethodAccessorImpl.invoke(DelegatingMethodAccessorImpl.java:25)
	at java.lang.reflect.Method.invoke(Method.java:597)
	at org.junit.runners.model.FrameworkMethod$1.runReflectiveCall(FrameworkMethod.java:44)
	at org.junit.internal.runners.model.ReflectiveCallable.run(ReflectiveCallable.java:15)
	at org.junit.runners.model.FrameworkMethod.invokeExplosively(FrameworkMethod.java:41)
	at org.junit.internal.runners.statements.InvokeMethod.evaluate(InvokeMethod.java:20)
	at org.springframework.test.context.junit4.statements.RunBeforeTestMethodCallbacks.evaluate(RunBeforeTestMethodCallbacks.java:74)
	at org.springframework.test.context.junit4.statements.RunAfterTestMethodCallbacks.evaluate(RunAfterTestMethodCallbacks.java:82)
	at org.springframework.test.context.junit4.statements.SpringRepeat.evaluate(SpringRepeat.java:72)
	at org.springframework.test.context.junit4.SpringJUnit4ClassRunner.runChild(SpringJUnit4ClassRunner.java:240)
	at org.junit.runners.BlockJUnit4ClassRunner.runChild(BlockJUnit4ClassRunner.java:49)
	at org.junit.runners.ParentRunner$3.run(ParentRunner.java:193)
	at org.junit.runners.ParentRunner$1.schedule(ParentRunner.java:52)
	at org.junit.runners.ParentRunner.runChildren(ParentRunner.java:191)
	at org.junit.runners.ParentRunner.access$000(ParentRunner.java:42)
	at org.junit.runners.ParentRunner$2.evaluate(ParentRunner.java:184)
	at org.springframework.test.context.junit4.statements.RunBeforeTestClassCallbacks.evaluate(RunBeforeTestClassCallbacks.java:61)
	at org.springframework.test.context.junit4.statements.RunAfterTestClassCallbacks.evaluate(RunAfterTestClassCallbacks.java:70)
	at org.junit.runners.ParentRunner.run(ParentRunner.java:236)
	at org.springframework.test.context.junit4.SpringJUnit4ClassRunner.run(SpringJUnit4ClassRunner.java:180)
	at org.apache.maven.surefire.junit4.JUnit4TestSet.execute(JUnit4TestSet.java:35)
	at org.apache.maven.surefire.junit4.JUnit4Provider.executeTestSet(JUnit4Provider.java:146)
	at org.apache.maven.surefire.junit4.JUnit4Provider.invoke(JUnit4Provider.java:97)
	at sun.reflect.NativeMethodAccessorImpl.invoke0(Native Method)
	at sun.reflect.NativeMethodAccessorImpl.invoke(NativeMethodAccessorImpl.java:39)
	at sun.reflect.DelegatingMethodAccessorImpl.invoke(DelegatingMethodAccessorImpl.java:25)
	at java.lang.reflect.Method.invoke(Method.java:597)
	at org.apache.maven.surefire.booter.ProviderFactory$ClassLoaderProxy.invoke(ProviderFactory.java:103)
	at $Proxy0.invoke(Unknown Source)
	at org.apache.maven.surefire.booter.SurefireStarter.invokeProvider(SurefireStarter.java:145)
	at org.apache.maven.surefire.booter.SurefireStarter.runSuitesInProcess(SurefireStarter.java:87)
	at org.apache.maven.surefire.booter.ForkedBooter.main(ForkedBooter.java:69)
Caused by: java.lang.IllegalArgumentException: org.hibernate.hql.ast.QuerySyntaxException: UserRole is not mapped [select o from UserRole o]
	at org.hibernate.ejb.AbstractEntityManagerImpl.convert(AbstractEntityManagerImpl.java:1201)
	at org.hibernate.ejb.AbstractEntityManagerImpl.convert(AbstractEntityManagerImpl.java:1147)
	at org.hibernate.ejb.AbstractEntityManagerImpl.createQuery(AbstractEntityManagerImpl.java:296)
	at sun.reflect.NativeMethodAccessorImpl.invoke0(Native Method)
	at sun.reflect.NativeMethodAccessorImpl.invoke(NativeMethodAccessorImpl.java:39)
	at sun.reflect.DelegatingMethodAccessorImpl.invoke(DelegatingMethodAccessorImpl.java:25)
	at java.lang.reflect.Method.invoke(Method.java:597)
	at org.springframework.orm.jpa.SharedEntityManagerCreator$SharedEntityManagerInvocationHandler.invoke(SharedEntityManagerCreator.java:240)
	at $Proxy39.createQuery(Unknown Source)
	... 46 more
Caused by: org.hibernate.hql.ast.QuerySyntaxException: UserRole is not mapped [select o from UserRole o]
	at org.hibernate.hql.ast.util.SessionFactoryHelper.requireClassPersister(SessionFactoryHelper.java:180)
	at org.hibernate.hql.ast.tree.FromElementFactory.addFromElement(FromElementFactory.java:111)
	at org.hibernate.hql.ast.tree.FromClause.addFromElement(FromClause.java:93)
	at org.hibernate.hql.ast.HqlSqlWalker.createFromElement(HqlSqlWalker.java:327)
	at org.hibernate.hql.antlr.HqlSqlBaseWalker.fromElement(HqlSqlBaseWalker.java:3441)
	at org.hibernate.hql.antlr.HqlSqlBaseWalker.fromElementList(HqlSqlBaseWalker.java:3325)
	at org.hibernate.hql.antlr.HqlSqlBaseWalker.fromClause(HqlSqlBaseWalker.java:733)
	at org.hibernate.hql.antlr.HqlSqlBaseWalker.query(HqlSqlBaseWalker.java:584)
	at org.hibernate.hql.antlr.HqlSqlBaseWalker.selectStatement(HqlSqlBaseWalker.java:301)
	at org.hibernate.hql.antlr.HqlSqlBaseWalker.statement(HqlSqlBaseWalker.java:244)
	at org.hibernate.hql.ast.QueryTranslatorImpl.analyze(QueryTranslatorImpl.java:254)
	at org.hibernate.hql.ast.QueryTranslatorImpl.doCompile(QueryTranslatorImpl.java:185)
	at org.hibernate.hql.ast.QueryTranslatorImpl.compile(QueryTranslatorImpl.java:136)
	at org.hibernate.engine.query.HQLQueryPlan.<init>(HQLQueryPlan.java:101)
	at org.hibernate.engine.query.HQLQueryPlan.<init>(HQLQueryPlan.java:80)
	at org.hibernate.engine.query.QueryPlanCache.getHQLQueryPlan(QueryPlanCache.java:124)
	at org.hibernate.impl.AbstractSessionImpl.getHQLQueryPlan(AbstractSessionImpl.java:156)
	at org.hibernate.impl.AbstractSessionImpl.createQuery(AbstractSessionImpl.java:135)
	at org.hibernate.impl.SessionImpl.createQuery(SessionImpl.java:1770)
	at org.hibernate.ejb.AbstractEntityManagerImpl.createQuery(AbstractEntityManagerImpl.java:281)
	... 52 more

